<?xml version="1.0" encoding="UTF-8"?>
<testsuite xmlns:xsi="http://www.w3.org/2001/XMLSchema-instance" xsi:noNamespaceSchemaLocation="https://maven.apache.org/surefire/maven-surefire-plugin/xsd/surefire-test-report-3.0.xsd" version="3.0" name="com.huaweijoshua.samples.SamplesApplicationTests" time="1.748" tests="1" errors="0" skipped="0" failures="0">
  <properties>
[...]
</properties>
  <testcase name="contextLoads" classname="com.huaweijoshua.samples.SamplesApplicationTests" time="0.535">
    <system-out><![CDATA[17:15:34.481 [main] INFO org.springframework.test.context.support.AnnotationConfigContextLoaderUtils -- Could not detect default configuration classes for test class [com.huaweijoshua.samples.SamplesApplicationTests]: SamplesApplicationTests does not declare any static, non-private, non-final, nested classes annotated with @Configuration.
17:15:34.555 [main] INFO org.springframework.boot.test.context.SpringBootTestContextBootstrapper -- Found @SpringBootConfiguration com.huaweijoshua.samples.SamplesApplication for test class com.huaweijoshua.samples.SamplesApplicationTests

  .   ____          _            __ _ _
 /\\ / ___'_ __ _ _(_)_ __  __ _ \ \ \ \
( ( )\___ | '_ | '_| | '_ \/ _` | \ \ \ \
 \\/  ___)| |_)| | | | | || (_| |  ) ) ) )
  '  |____| .__|_| |_|_| |_\__, | / / / /
 =========|_|==============|___/=/_/_/_/
 :: Spring Boot ::                (v3.1.2)

2023-08-06T17:15:34.766+08:00  WARN 19640 --- [           main] ory$DuplicateJsonObjectContextCustomizer : 

Found multiple occurrences of org.json.JSONObject on the class path:

	jar:file:/C:/Users/ADMIN/.m2/repository/com/vaadin/external/google/android-json/0.0.20131108.vaadin1/android-json-0.0.20131108.vaadin1.jar!/org/json/JSONObject.class
	jar:file:/C:/Users/ADMIN/.m2/repository/org/json/json/20230618/json-20230618.jar!/org/json/JSONObject.class

You may wish to exclude one of them to ensure predictable runtime behavior

2023-08-06T17:15:34.776+08:00  INFO 19640 --- [           main] c.h.samples.SamplesApplicationTests      : Starting SamplesApplicationTests using Java 18.0.1.1 with PID 19640 (started by ADMIN in D:\Repositories\Huawei\samples)
2023-08-06T17:15:34.776+08:00  INFO 19640 --- [           main] c.h.samples.SamplesApplicationTests      : No active profile set, falling back to 1 default profile: "default"
2023-08-06T17:15:35.437+08:00  INFO 19640 --- [           main] o.s.b.a.w.s.WelcomePageHandlerMapping    : Adding welcome page template: index
2023-08-06T17:15:35.589+08:00  INFO 19640 --- [           main] c.h.samples.SamplesApplicationTests      : Started SamplesApplicationTests in 0.951 seconds (process running for 1.518)
]]></system-out>
  </testcase>
</testsuite>